    Number of Points (N)  Approximated π  Relative Error (%)
0                    100        2.880000            8.326753
1                    200        3.120000            0.687316
2                    300        3.360000            6.952122
3                    400        3.010000            4.188724
4                    500        3.176000            1.095220
5                    600        3.200000            1.859164
6                    700        3.097143            1.414881
7                    800        3.200000            1.859164
8                    900        3.035556            3.375266
9                   1000        3.176000            1.095220
10                  1100        3.123636            0.571566
11                  1200        3.136667            0.156799
12                  1300        3.089231            1.666731
13                  1400        3.214286            2.313892
14                  1500        3.149333            0.246393
15                  1600        3.095000            1.483090
16                  1700        3.108235            1.061798
17                  1800        3.155556            0.444453
18                  1900        3.130526            0.352252
19                  2000        3.118000            0.750977
20                  2100        3.131429            0.323533
21                  2200        3.025455            3.696791
22                  2300        3.116522            0.798032
23                  2400        3.131667            0.315954
24                  2500        3.161600            0.636854
25                  2600        3.149231            0.243129
26                  2700        3.140741            0.027117
27                  2800        3.197143            1.768218
28                  2900        3.097931            1.389793
29                  3000        3.110667            0.984405
30                  3100        3.144516            0.093057
31                  3200        3.136250            0.170062
32                  3300        3.139394            0.069987
33                  3400        3.104706            1.174142
34                  3500        3.163429            0.695059
35                  3600        3.130000            0.369006
36                  3700        3.120000            0.687316
37                  3800        3.111579            0.955366
38                  3900        3.077949            2.025849
39                  4000        3.170000            0.904234
40                  4100        3.120000            0.687316
41                  4200        3.135238            0.202272
42                  4300        3.129302            0.391213
43                  4400        3.154545            0.412300
44                  4500        3.131556            0.319491
45                  4600        3.166087            0.779678
46                  4700        3.114894            0.849857
47                  4800        3.158333            0.532872
48                  4900        3.148571            0.222141
49                  5000        3.150400            0.280347